<?xml version="1.0" encoding="UTF-8"?><testsuite errors="0" failures="1" name="Register a user on the website" skipped="0" tests="1" time="65.36" timestamp="2021-05-28 06:53:44"><testcase name="Successful registration"><failure message="&#10;Expected: an element that is visible&#10;     but: no matching element found by xpath: //div[@class='image-box-header']/h1" type="java.lang.AssertionError">
Expected: an element that is visible
     but: no matching element found by xpath: //div[@class='image-box-header']/h1</failure><system-err>
Expected: an element that is visible
     but: no matching element found by xpath: //div[@class='image-box-header']/h1&#13;
co.com.banistmo.certificacion.paginautest.questions.ValidateWelcome.answeredBy(ValidateWelcome.java:19)&#13;
co.com.banistmo.certificacion.paginautest.questions.ValidateWelcome.answeredBy(ValidateWelcome.java:11)&#13;
co.com.banistmo.certificacion.paginautest.stepdefinitions.UserRegisterStepDefinition.heWillSeeTheMessage(UserRegisterStepDefinition.java:45)&#13;
cucumber.runner.Runner.runPickle(Runner.java:80)&#13;
</system-err></testcase></testsuite>